<?xml version="1.0" encoding="UTF-8"?>
<!-- Generated by org.testng.reporters.JUnitReportReporter -->
<testsuite hostname="DESKTOP-ITEU30K" failures="0" tests="1" name="poro.gui.DoiMatKhauJDialogTest" time="5.843" errors="0" timestamp="2021-04-28T21:38:16 ICT" skipped="0">
  <testcase classname="poro.gui.DoiMatKhauJDialogTest" name="doimatkhauthatbai1" time="5.843"/>
  <system-out/>
</testsuite> <!-- poro.gui.DoiMatKhauJDialogTest -->
