<?xml version="1.0" encoding="UTF-8"?>
<!-- Generated by org.testng.reporters.JUnitReportReporter -->
<testsuite hostname="LAPTOP-FI2LLS25" failures="0" tests="3" name="poro.gui.DangNhapJDialogTest" time="8.510" errors="0" timestamp="2021-04-26T23:04:31 ICT" skipped="0">
  <testcase classname="poro.gui.DangNhapJDialogTest" name="loginFail" time="2.724"/>
  <system-out/>
  <testcase classname="poro.gui.DangNhapJDialogTest" name="loginFail" time="3.085"/>
  <system-out/>
  <testcase classname="poro.gui.DangNhapJDialogTest" name="loginFail" time="2.701"/>
  <system-out/>
</testsuite> <!-- poro.gui.DangNhapJDialogTest -->
