<?xml version="1.0" encoding="UTF-8"?>
<!-- Generated by org.testng.reporters.JUnitReportReporter -->
<testsuite hostname="Neko" failures="0" tests="1" name="poro.module.FileManagerTest" time="0.019" errors="0" timestamp="2021-04-21T13:34:54 ICT" skipped="0">
  <testcase classname="poro.module.FileManagerTest" name="writeStringTest" time="0.019"/>
  <system-out/>
</testsuite> <!-- poro.module.FileManagerTest -->
