<?xml version="1.0" encoding="UTF-8"?>
<!-- Generated by org.testng.reporters.JUnitReportReporter -->
<testsuite hostname="Neko" failures="0" tests="3" name="poro.module.db.data.TaiKhoanTest" time="1.070" errors="0" timestamp="2021-04-28T19:50:49 ICT" skipped="0">
  <testcase classname="poro.module.db.data.TaiKhoanTest" name="InsertTaiKhoan" time="1.044"/>
  <system-out/>
  <testcase classname="poro.module.db.data.TaiKhoanTest" name="UpdateTaiKhoan" time="0.013"/>
  <system-out/>
  <testcase classname="poro.module.db.data.TaiKhoanTest" name="DeleteTaiKhoan" time="0.013"/>
  <system-out/>
</testsuite> <!-- poro.module.db.data.TaiKhoanTest -->
