<?xml version="1.0" encoding="UTF-8"?>
<!-- Generated by org.testng.reporters.JUnitReportReporter -->
<testsuite hostname="DESKTOP-C2QK7TO" failures="0" tests="1" name="poro.module.db.data.TaiKhoanTest" time="0.693" errors="0" timestamp="2021-04-21T16:08:19 ICT" skipped="0">
  <testcase classname="poro.module.db.data.TaiKhoanTest" name="selectAllTest" time="0.693"/>
  <system-out/>
</testsuite> <!-- poro.module.db.data.TaiKhoanTest -->
