<?xml version="1.0" encoding="UTF-8"?>
<!-- Generated by org.testng.reporters.JUnitReportReporter -->
<testsuite hostname="Neko" failures="0" tests="1" name="poro.gui.NMXemPhongJPanelTest" time="3.383" errors="0" timestamp="2021-04-25T13:08:24 ICT" skipped="0">
  <testcase classname="poro.gui.NMXemPhongJPanelTest" name="showXemPhongTest" time="3.383"/>
  <system-out/>
</testsuite> <!-- poro.gui.NMXemPhongJPanelTest -->
