<?xml version="1.0" encoding="UTF-8"?>
<!-- Generated by org.testng.reporters.JUnitReportReporter -->
<testsuite hostname="Neko" failures="0" tests="12" name="poro.gui.MuonPhongJDialogTest" time="96.400" errors="0" timestamp="2021-04-28T03:02:16 ICT" skipped="0">
  <testcase classname="poro.gui.MuonPhongJDialogTest" name="errorFromTest" time="6.278"/>
  <system-out/>
  <testcase classname="poro.gui.MuonPhongJDialogTest" name="errorFromTest" time="6.478"/>
  <system-out/>
  <testcase classname="poro.gui.MuonPhongJDialogTest" name="errorFromTest" time="5.143"/>
  <system-out/>
  <testcase classname="poro.gui.MuonPhongJDialogTest" name="errorFromTest" time="6.504"/>
  <system-out/>
  <testcase classname="poro.gui.MuonPhongJDialogTest" name="muon201Test" time="6.405"/>
  <system-out/>
  <testcase classname="poro.gui.MuonPhongJDialogTest" name="xacNhanMuonTest" time="13.562"/>
  <system-out/>
  <testcase classname="poro.gui.MuonPhongJDialogTest" name="errorFromTest" time="5.958"/>
  <system-out/>
  <testcase classname="poro.gui.MuonPhongJDialogTest" name="errorFromSvTest" time="9.175"/>
  <system-out/>
  <testcase classname="poro.gui.MuonPhongJDialogTest" name="errorFromSvTest" time="7.697"/>
  <system-out/>
  <testcase classname="poro.gui.MuonPhongJDialogTest" name="errorFromSvTest" time="8.775"/>
  <system-out/>
  <testcase classname="poro.gui.MuonPhongJDialogTest" name="errorFromSvTest" time="8.449"/>
  <system-out/>
  <testcase classname="poro.gui.MuonPhongJDialogTest" name="muonOkSvTest" time="11.976"/>
  <system-out/>
</testsuite> <!-- poro.gui.MuonPhongJDialogTest -->
