<?xml version="1.0" encoding="UTF-8"?>
<!-- Generated by org.testng.reporters.JUnitReportReporter -->
<testsuite hostname="Neko" failures="0" tests="1" name="poro.module.CalendarManagerTest" time="0.350" errors="0" timestamp="2021-04-28T18:41:10 ICT" skipped="0">
  <testcase classname="poro.module.CalendarManagerTest" name="getDateByStringTest" time="0.350"/>
  <system-out/>
</testsuite> <!-- poro.module.CalendarManagerTest -->
