<?xml version="1.0" encoding="UTF-8"?>
<!-- Generated by org.testng.reporters.JUnitReportReporter -->
<testsuite hostname="Neko" failures="0" tests="12" name="poro.gui.MuonPhongJDialogTest" time="95.974" errors="0" timestamp="2021-04-28T16:04:47 ICT" skipped="0">
  <testcase classname="poro.gui.MuonPhongJDialogTest" name="errorFromTest" time="6.486"/>
  <system-out/>
  <testcase classname="poro.gui.MuonPhongJDialogTest" name="errorFromTest" time="6.560"/>
  <system-out/>
  <testcase classname="poro.gui.MuonPhongJDialogTest" name="muon201Test" time="6.402"/>
  <system-out/>
  <testcase classname="poro.gui.MuonPhongJDialogTest" name="errorFromTest" time="5.948"/>
  <system-out/>
  <testcase classname="poro.gui.MuonPhongJDialogTest" name="errorFromTest" time="5.189"/>
  <system-out/>
  <testcase classname="poro.gui.MuonPhongJDialogTest" name="xacNhanMuonTest" time="13.422"/>
  <system-out/>
  <testcase classname="poro.gui.MuonPhongJDialogTest" name="errorFromTest" time="5.985"/>
  <system-out/>
  <testcase classname="poro.gui.MuonPhongJDialogTest" name="errorFromSvTest" time="8.824"/>
  <system-out/>
  <testcase classname="poro.gui.MuonPhongJDialogTest" name="errorFromSvTest" time="7.637"/>
  <system-out/>
  <testcase classname="poro.gui.MuonPhongJDialogTest" name="errorFromSvTest" time="9.133"/>
  <system-out/>
  <testcase classname="poro.gui.MuonPhongJDialogTest" name="errorFromSvTest" time="8.515"/>
  <system-out/>
  <testcase classname="poro.gui.MuonPhongJDialogTest" name="muonOkSvTest" time="11.873"/>
  <system-out/>
</testsuite> <!-- poro.gui.MuonPhongJDialogTest -->
