<?xml version="1.0" encoding="UTF-8"?>
<!-- Generated by org.testng.reporters.JUnitReportReporter -->
<testsuite hostname="DESKTOP-C2QK7TO" failures="0" tests="2" name="poro.module.StringHelperTest" time="0.009" errors="0" timestamp="2021-04-21T14:04:19 ICT" skipped="0">
  <testcase classname="poro.module.StringHelperTest" name="randomTest2" time="0.002"/>
  <system-out/>
  <testcase classname="poro.module.StringHelperTest" name="randomTest1" time="0.007"/>
  <system-out/>
</testsuite> <!-- poro.module.StringHelperTest -->
