<?xml version="1.0" encoding="UTF-8"?>
<!-- Generated by org.testng.reporters.JUnitReportReporter -->
<testsuite hostname="Neko" failures="0" tests="4" name="poro.module.db.data.PhongTest" time="0.076" errors="0" timestamp="2021-04-21T18:43:32 ICT" skipped="0">
  <testcase classname="poro.module.db.data.PhongTest" name="SelectByIdPhong" time="0.011"/>
  <system-out/>
  <testcase classname="poro.module.db.data.PhongTest" name="SelectAllphong" time="0.042"/>
  <system-out/>
  <testcase classname="poro.module.db.data.PhongTest" name="InsertPhong" time="0.016"/>
  <system-out/>
  <testcase classname="poro.module.db.data.PhongTest" name="UpdatePhong" time="0.007"/>
  <system-out/>
</testsuite> <!-- poro.module.db.data.PhongTest -->
