<?xml version="1.0" encoding="UTF-8"?>
<!-- Generated by org.testng.reporters.JUnitReportReporter -->
<testsuite hostname="Neko" failures="0" tests="9" name="poro.gui.NMXemPhongJPanelTest" time="33.860" errors="0" timestamp="2021-04-28T00:12:45 ICT" skipped="0">
  <testcase classname="poro.gui.NMXemPhongJPanelTest" name="valueTimPhongDefTest" time="3.018"/>
  <system-out/>
  <testcase classname="poro.gui.NMXemPhongJPanelTest" name="skipPhong102" time="4.318"/>
  <system-out/>
  <testcase classname="poro.gui.NMXemPhongJPanelTest" name="skipPhong102" time="4.561"/>
  <system-out/>
  <testcase classname="poro.gui.NMXemPhongJPanelTest" name="skipPhong102" time="4.395"/>
  <system-out/>
  <testcase classname="poro.gui.NMXemPhongJPanelTest" name="messageErrorTimPhongTest" time="3.503"/>
  <system-out/>
  <testcase classname="poro.gui.NMXemPhongJPanelTest" name="messageErrorTimPhongTest" time="3.996"/>
  <system-out/>
  <testcase classname="poro.gui.NMXemPhongJPanelTest" name="messageErrorTimPhongTest" time="4.024"/>
  <system-out/>
  <testcase classname="poro.gui.NMXemPhongJPanelTest" name="messageErrorTimPhongTest" time="2.964"/>
  <system-out/>
  <testcase classname="poro.gui.NMXemPhongJPanelTest" name="showTimPhongDefTest" time="3.081"/>
  <system-out/>
</testsuite> <!-- poro.gui.NMXemPhongJPanelTest -->
