<?xml version="1.0" encoding="UTF-8"?>
<!-- Generated by org.testng.reporters.JUnitReportReporter -->
<testsuite hostname="DESKTOP-9K20K49" failures="1" tests="13" name="poro.gui.QuanLyPhongJPanelTest" time="86.511" errors="1" timestamp="2021-04-28T21:08:38 ICT" skipped="0">
  <testcase classname="poro.gui.QuanLyPhongJPanelTest" name="ThemPhong" time="5.707"/>
  <system-out/>
  <testcase classname="poro.gui.QuanLyPhongJPanelTest" name="ThemPhong" time="5.847"/>
  <system-out/>
  <testcase classname="poro.gui.QuanLyPhongJPanelTest" name="ThemPhong" time="5.717"/>
  <system-out/>
  <testcase classname="poro.gui.QuanLyPhongJPanelTest" name="ThemPhong" time="5.710"/>
  <system-out/>
  <testcase classname="poro.gui.QuanLyPhongJPanelTest" name="ThemPhong" time="3.939">
    <error message="Cannot invoke &quot;javax.swing.JDialog.getTitle()&quot; because &quot;jp&quot; is null" type="java.lang.NullPointerException">
      <![CDATA[java.lang.NullPointerException: Cannot invoke "javax.swing.JDialog.getTitle()" because "jp" is null
at poro.gui.QuanLyPhongJPanelTest.ThemPhong(QuanLyPhongJPanelTest.java:76)
at java.base/jdk.internal.reflect.NativeMethodAccessorImpl.invoke0(Native Method)
at java.base/jdk.internal.reflect.NativeMethodAccessorImpl.invoke(NativeMethodAccessorImpl.java:64)
at java.base/jdk.internal.reflect.DelegatingMethodAccessorImpl.invoke(DelegatingMethodAccessorImpl.java:43)
at java.base/java.lang.reflect.Method.invoke(Method.java:564)
at org.testng.internal.MethodInvocationHelper.invokeMethod(MethodInvocationHelper.java:132)
at org.testng.internal.InvokeMethodRunnable.runOne(InvokeMethodRunnable.java:45)
at org.testng.internal.InvokeMethodRunnable.call(InvokeMethodRunnable.java:73)
at org.testng.internal.InvokeMethodRunnable.call(InvokeMethodRunnable.java:11)
at java.base/java.util.concurrent.FutureTask.run(FutureTask.java:264)
at java.base/java.util.concurrent.ThreadPoolExecutor.runWorker(ThreadPoolExecutor.java:1130)
at java.base/java.util.concurrent.ThreadPoolExecutor$Worker.run(ThreadPoolExecutor.java:630)
at java.base/java.lang.Thread.run(Thread.java:832)
]]>
    </error>
  </testcase> <!-- ThemPhong -->
  <system-out/>
  <testcase classname="poro.gui.QuanLyPhongJPanelTest" name="ThemPhong" time="5.575"/>
  <system-out/>
  <testcase classname="poro.gui.QuanLyPhongJPanelTest" name="SuaPhong" time="7.525">
    <failure message="expected [] but found [qưe]" type="java.lang.AssertionError">
      <![CDATA[java.lang.AssertionError: expected [] but found [qưe]
at org.testng.Assert.fail(Assert.java:99)
at org.testng.Assert.failNotEquals(Assert.java:1037)
at org.testng.Assert.assertEqualsImpl(Assert.java:140)
at org.testng.Assert.assertEquals(Assert.java:122)
at org.testng.Assert.assertEquals(Assert.java:617)
at poro.gui.QuanLyPhongJPanelTest.SuaPhong(QuanLyPhongJPanelTest.java:129)
at java.base/jdk.internal.reflect.NativeMethodAccessorImpl.invoke0(Native Method)
at java.base/jdk.internal.reflect.NativeMethodAccessorImpl.invoke(NativeMethodAccessorImpl.java:64)
at java.base/jdk.internal.reflect.DelegatingMethodAccessorImpl.invoke(DelegatingMethodAccessorImpl.java:43)
at java.base/java.lang.reflect.Method.invoke(Method.java:564)
at org.testng.internal.MethodInvocationHelper.invokeMethod(MethodInvocationHelper.java:132)
at org.testng.internal.InvokeMethodRunnable.runOne(InvokeMethodRunnable.java:45)
at org.testng.internal.InvokeMethodRunnable.call(InvokeMethodRunnable.java:73)
at org.testng.internal.InvokeMethodRunnable.call(InvokeMethodRunnable.java:11)
at java.base/java.util.concurrent.FutureTask.run(FutureTask.java:264)
at java.base/java.util.concurrent.ThreadPoolExecutor.runWorker(ThreadPoolExecutor.java:1130)
at java.base/java.util.concurrent.ThreadPoolExecutor$Worker.run(ThreadPoolExecutor.java:630)
at java.base/java.lang.Thread.run(Thread.java:832)
]]>
    </failure>
  </testcase> <!-- SuaPhong -->
  <system-out/>
  <testcase classname="poro.gui.QuanLyPhongJPanelTest" name="SuaPhong" time="7.846"/>
  <system-out/>
  <testcase classname="poro.gui.QuanLyPhongJPanelTest" name="SuaPhong" time="7.696"/>
  <system-out/>
  <testcase classname="poro.gui.QuanLyPhongJPanelTest" name="SuaPhong" time="8.126"/>
  <system-out/>
  <testcase classname="poro.gui.QuanLyPhongJPanelTest" name="XoaPhong" time="7.390"/>
  <system-out/>
  <testcase classname="poro.gui.QuanLyPhongJPanelTest" name="XoaPhongNhap" time="7.802"/>
  <system-out/>
  <testcase classname="poro.gui.QuanLyPhongJPanelTest" name="XoaPhongNhap" time="7.631"/>
  <system-out/>
</testsuite> <!-- poro.gui.QuanLyPhongJPanelTest -->
