<?xml version="1.0" encoding="UTF-8"?>
<!-- Generated by org.testng.reporters.JUnitReportReporter -->
<testsuite hostname="DESKTOP-9K20K49" failures="0" tests="9" name="poro.gui.NMXemPhongJPanelTest" time="32.059" errors="0" timestamp="2021-04-28T18:31:54 ICT" skipped="0">
  <testcase classname="poro.gui.NMXemPhongJPanelTest" name="showTimPhongDefTest" time="2.909"/>
  <system-out/>
  <testcase classname="poro.gui.NMXemPhongJPanelTest" name="messageErrorTimPhongTest" time="2.879"/>
  <system-out/>
  <testcase classname="poro.gui.NMXemPhongJPanelTest" name="skipPhong102" time="4.065"/>
  <system-out/>
  <testcase classname="poro.gui.NMXemPhongJPanelTest" name="messageErrorTimPhongTest" time="3.337"/>
  <system-out/>
  <testcase classname="poro.gui.NMXemPhongJPanelTest" name="messageErrorTimPhongTest" time="3.852"/>
  <system-out/>
  <testcase classname="poro.gui.NMXemPhongJPanelTest" name="skipPhong102" time="4.074"/>
  <system-out/>
  <testcase classname="poro.gui.NMXemPhongJPanelTest" name="messageErrorTimPhongTest" time="3.857"/>
  <system-out/>
  <testcase classname="poro.gui.NMXemPhongJPanelTest" name="valueTimPhongDefTest" time="3.009"/>
  <system-out/>
  <testcase classname="poro.gui.NMXemPhongJPanelTest" name="skipPhong102" time="4.077"/>
  <system-out/>
</testsuite> <!-- poro.gui.NMXemPhongJPanelTest -->
