<?xml version="1.0" encoding="UTF-8"?>
<!-- Generated by org.testng.reporters.JUnitReportReporter -->
<testsuite hostname="Neko" failures="0" tests="3" name="test.YeuCau5" time="17.813" errors="0" timestamp="2021-04-22T07:50:50 ICT" skipped="0">
  <testcase classname="test.YeuCau5" name="launchBrowser" time="2.001"/>
  <system-out/>
  <testcase classname="test.YeuCau5" name="signIn" time="7.092"/>
  <system-out/>
  <testcase classname="test.YeuCau5" name="fillSignIn" time="8.720"/>
  <system-out/>
</testsuite> <!-- test.YeuCau5 -->
