<?xml version="1.0" encoding="UTF-8"?>
<!-- Generated by org.testng.reporters.JUnitReportReporter -->
<testsuite hostname="Neko" failures="0" tests="6" name="poro.module.CalendarManagerTest" time="0.055" errors="0" timestamp="2021-04-25T01:00:56 ICT" skipped="0">
  <testcase classname="poro.module.CalendarManagerTest" name="getDateByStringTest" time="0.041"/>
  <system-out/>
  <testcase classname="poro.module.CalendarManagerTest" name="getDaysOfTest" time="0.003"/>
  <system-out/>
  <testcase classname="poro.module.CalendarManagerTest" name="getNowTest" time="0.003"/>
  <system-out/>
  <testcase classname="poro.module.CalendarManagerTest" name="getStringTest" time="0.005"/>
  <system-out/>
  <testcase classname="poro.module.CalendarManagerTest" name="addTimesTest" time="0.002"/>
  <system-out/>
  <testcase classname="poro.module.CalendarManagerTest" name="isLeapYearTest" time="0.001"/>
  <system-out/>
</testsuite> <!-- poro.module.CalendarManagerTest -->
