<?xml version="1.0" encoding="UTF-8"?>
<!-- Generated by org.testng.reporters.JUnitReportReporter -->
<testsuite hostname="Neko" failures="0" tests="1" name="poro.module.db.data.TaiKhoanTest" time="1.151" errors="0" timestamp="2021-04-21T15:29:23 ICT" skipped="0">
  <testcase classname="poro.module.db.data.TaiKhoanTest" name="updateAllTest" time="1.151"/>
  <system-out/>
</testsuite> <!-- poro.module.db.data.TaiKhoanTest -->
