<?xml version="1.0" encoding="UTF-8"?>
<!-- Generated by org.testng.reporters.JUnitReportReporter -->
<testsuite hostname="Neko" failures="0" tests="5" name="poro.gui.QuanLyTaiKhoanJPanelTest" time="31.050" errors="0" timestamp="2021-04-28T19:50:49 ICT" skipped="0">
  <testcase classname="poro.gui.QuanLyTaiKhoanJPanelTest" name="dangKyTaiKhoan" time="6.840"/>
  <system-out/>
  <testcase classname="poro.gui.QuanLyTaiKhoanJPanelTest" name="dangKyTaiKhoan" time="6.153"/>
  <system-out/>
  <testcase classname="poro.gui.QuanLyTaiKhoanJPanelTest" name="dangKyTaiKhoan" time="5.038"/>
  <system-out/>
  <testcase classname="poro.gui.QuanLyTaiKhoanJPanelTest" name="dangKyTaiKhoan" time="6.569"/>
  <system-out/>
  <testcase classname="poro.gui.QuanLyTaiKhoanJPanelTest" name="dangKyTaiKhoan" time="6.450"/>
  <system-out/>
</testsuite> <!-- poro.gui.QuanLyTaiKhoanJPanelTest -->
