<?xml version="1.0" encoding="UTF-8"?>
<!-- Generated by org.testng.reporters.JUnitReportReporter -->
<testsuite hostname="DESKTOP-9K20K49" failures="0" tests="2" name="poro.gui.QuanLyPhongJPanelTest" time="15.861" errors="0" timestamp="2021-04-28T20:54:01 ICT" skipped="0">
  <testcase classname="poro.gui.QuanLyPhongJPanelTest" name="XoaPhongNhap" time="7.697"/>
  <system-out/>
  <testcase classname="poro.gui.QuanLyPhongJPanelTest" name="XoaPhongNhap" time="8.164"/>
  <system-out/>
</testsuite> <!-- poro.gui.QuanLyPhongJPanelTest -->
