<?xml version="1.0" encoding="UTF-8"?>
<!-- Generated by org.testng.reporters.JUnitReportReporter -->
<testsuite hostname="Neko" failures="0" tests="6" name="poro.module.FileManagerTest" time="0.093" errors="0" timestamp="2021-04-28T19:50:49 ICT" skipped="0">
  <testcase classname="poro.module.FileManagerTest" name="writeObjectTest" time="0.006"/>
  <system-out/>
  <testcase classname="poro.module.FileManagerTest" name="readTest" time="0.006"/>
  <system-out/>
  <testcase classname="poro.module.FileManagerTest" name="writeTest" time="0.008"/>
  <system-out/>
  <testcase classname="poro.module.FileManagerTest" name="writeStringTest" time="0.008"/>
  <system-out/>
  <testcase classname="poro.module.FileManagerTest" name="readStringTest" time="0.019"/>
  <system-out/>
  <testcase classname="poro.module.FileManagerTest" name="readObjectTest" time="0.046"/>
  <system-out/>
</testsuite> <!-- poro.module.FileManagerTest -->
