<?xml version="1.0" encoding="UTF-8"?>
<!-- Generated by org.testng.reporters.JUnitReportReporter -->
<testsuite hostname="DESKTOP-ITEU30K" failures="0" tests="1" name="poro.gui.QuenMatKhauJDialogTest" time="17.484" errors="0" timestamp="2021-04-28T21:34:01 ICT" skipped="0">
  <testcase classname="poro.gui.QuenMatKhauJDialogTest" name="quenmatkhau" time="17.484"/>
  <system-out/>
</testsuite> <!-- poro.gui.QuenMatKhauJDialogTest -->
