<?xml version="1.0" encoding="UTF-8"?>
<!-- Generated by org.testng.reporters.JUnitReportReporter -->
<testsuite hostname="Neko" failures="0" tests="1" name="poro.MainClassTest" time="0.014" errors="0" timestamp="2021-04-23T20:23:31 ICT" skipped="0">
  <testcase classname="poro.MainClassTest" name="f" time="0.014"/>
  <system-out/>
</testsuite> <!-- poro.MainClassTest -->
