<?xml version="1.0" encoding="UTF-8"?>
<!-- Generated by org.testng.reporters.JUnitReportReporter -->
<testsuite hostname="Neko" failures="0" tests="2" name="poro.gui.DangNhapJDialogTest" time="9.762" errors="0" timestamp="2021-04-20T16:24:23 ICT" skipped="0">
  <testcase classname="poro.gui.DangNhapJDialogTest" name="loginFail1" time="6.129"/>
  <system-out/>
  <testcase classname="poro.gui.DangNhapJDialogTest" name="loginOk" time="3.633"/>
  <system-out/>
</testsuite> <!-- poro.gui.DangNhapJDialogTest -->
