<?xml version="1.0" encoding="UTF-8"?>
<!-- Generated by org.testng.reporters.JUnitReportReporter -->
<testsuite hostname="Neko" failures="0" tests="3" name="test.YeuCau5" time="21.166" errors="0" timestamp="2021-04-24T21:55:32 ICT" skipped="0">
  <testcase classname="test.YeuCau5" name="launchBrowser" time="1.809"/>
  <system-out/>
  <testcase classname="test.YeuCau5" name="signIn" time="8.231"/>
  <system-out/>
  <testcase classname="test.YeuCau5" name="fillSignIn" time="11.126"/>
  <system-out/>
</testsuite> <!-- test.YeuCau5 -->
