<?xml version="1.0" encoding="UTF-8"?>
<!-- Generated by org.testng.reporters.JUnitReportReporter -->
<testsuite hostname="Neko" failures="0" tests="6" name="poro.gui.DangNhapJDialogTest" time="15.384" errors="1" timestamp="2021-04-28T22:03:27 ICT" skipped="0">
  <testcase classname="poro.gui.DangNhapJDialogTest" name="loginFail" time="2.794"/>
  <system-out/>
  <testcase classname="poro.gui.DangNhapJDialogTest" name="loginFail" time="2.694"/>
  <system-out/>
  <testcase classname="poro.gui.DangNhapJDialogTest" name="loginFail" time="3.279"/>
  <system-out/>
  <testcase classname="poro.gui.DangNhapJDialogTest" name="loginFail" time="2.720"/>
  <system-out/>
  <testcase classname="poro.gui.DangNhapJDialogTest" name="dangnhapthanhcong" time="2.881"/>
  <system-out/>
  <testcase classname="poro.gui.DangNhapJDialogTest" name="dangxuat" time="1.016">
    <error message="Cannot read field &quot;txtTaiKhoan&quot; because &quot;dn&quot; is null" type="java.lang.NullPointerException">
      <![CDATA[java.lang.NullPointerException: Cannot read field "txtTaiKhoan" because "dn" is null
at poro.gui.DangNhapJDialogTest.dangxuat(DangNhapJDialogTest.java:85)
at java.base/jdk.internal.reflect.NativeMethodAccessorImpl.invoke0(Native Method)
at java.base/jdk.internal.reflect.NativeMethodAccessorImpl.invoke(NativeMethodAccessorImpl.java:64)
at java.base/jdk.internal.reflect.DelegatingMethodAccessorImpl.invoke(DelegatingMethodAccessorImpl.java:43)
at java.base/java.lang.reflect.Method.invoke(Method.java:564)
at org.testng.internal.MethodInvocationHelper.invokeMethod(MethodInvocationHelper.java:132)
at org.testng.internal.InvokeMethodRunnable.runOne(InvokeMethodRunnable.java:45)
at org.testng.internal.InvokeMethodRunnable.call(InvokeMethodRunnable.java:73)
at org.testng.internal.InvokeMethodRunnable.call(InvokeMethodRunnable.java:11)
at java.base/java.util.concurrent.FutureTask.run(FutureTask.java:264)
at java.base/java.util.concurrent.ThreadPoolExecutor.runWorker(ThreadPoolExecutor.java:1130)
at java.base/java.util.concurrent.ThreadPoolExecutor$Worker.run(ThreadPoolExecutor.java:630)
at java.base/java.lang.Thread.run(Thread.java:832)
]]>
    </error>
  </testcase> <!-- dangxuat -->
  <system-out/>
</testsuite> <!-- poro.gui.DangNhapJDialogTest -->
