<?xml version="1.0" encoding="UTF-8"?>
<!-- Generated by org.testng.reporters.JUnitReportReporter -->
<testsuite hostname="Neko" failures="0" tests="9" name="poro.gui.NMXemPhongJPanelTest" time="33.813" errors="0" timestamp="2021-04-28T03:02:16 ICT" skipped="0">
  <testcase classname="poro.gui.NMXemPhongJPanelTest" name="showTimPhongDefTest" time="3.107"/>
  <system-out/>
  <testcase classname="poro.gui.NMXemPhongJPanelTest" name="messageErrorTimPhongTest" time="3.557"/>
  <system-out/>
  <testcase classname="poro.gui.NMXemPhongJPanelTest" name="messageErrorTimPhongTest" time="3.995"/>
  <system-out/>
  <testcase classname="poro.gui.NMXemPhongJPanelTest" name="skipPhong102" time="4.219"/>
  <system-out/>
  <testcase classname="poro.gui.NMXemPhongJPanelTest" name="messageErrorTimPhongTest" time="3.971"/>
  <system-out/>
  <testcase classname="poro.gui.NMXemPhongJPanelTest" name="skipPhong102" time="4.637"/>
  <system-out/>
  <testcase classname="poro.gui.NMXemPhongJPanelTest" name="messageErrorTimPhongTest" time="2.988"/>
  <system-out/>
  <testcase classname="poro.gui.NMXemPhongJPanelTest" name="valueTimPhongDefTest" time="3.054"/>
  <system-out/>
  <testcase classname="poro.gui.NMXemPhongJPanelTest" name="skipPhong102" time="4.285"/>
  <system-out/>
</testsuite> <!-- poro.gui.NMXemPhongJPanelTest -->
