<?xml version="1.0" encoding="UTF-8"?>
<!-- Generated by org.testng.reporters.JUnitReportReporter -->
<testsuite hostname="Neko" failures="0" tests="1" name="poro.module.db.data.MuonPhongTest" time="1.135" errors="0" timestamp="2021-04-21T14:28:08 ICT" skipped="0">
  <testcase classname="poro.module.db.data.MuonPhongTest" name="getListByPhongNoTest" time="1.135"/>
  <system-out/>
</testsuite> <!-- poro.module.db.data.MuonPhongTest -->
