<?xml version="1.0" encoding="UTF-8"?>
<!-- Generated by org.testng.reporters.JUnitReportReporter -->
<testsuite hostname="Neko" failures="0" tests="1"
	name="test.poro.module.EncrypterTest" time="0.018" errors="0"
	timestamp="2021-04-19T22:37:01 ICT" skipped="0">
	<testcase classname="test.poro.module.EncrypterTest"
		name="toMD5Testbyte" time="0.018" />
	<system-out />
</testsuite> <!-- test.poro.module.EncrypterTest -->
