<?xml version="1.0" encoding="UTF-8"?>
<!-- Generated by org.testng.reporters.JUnitReportReporter -->
<testsuite hostname="Neko" failures="0" tests="1"
	name="test.poro.gui.DoiMatKhauJDialogTest" time="0.707" errors="0"
	timestamp="2021-04-19T19:37:27 ICT" skipped="0">
	<testcase classname="test.poro.gui.DoiMatKhauJDialogTest"
		name="doiMatKhauTest" time="0.707" />
	<system-out />
</testsuite> <!-- test.poro.gui.DoiMatKhauJDialogTest -->
