<?xml version="1.0" encoding="UTF-8"?>
<!-- Generated by org.testng.reporters.JUnitReportReporter -->
<testsuite hostname="Neko" failures="0" tests="6" name="poro.module.CalendarManagerTest" time="0.046" errors="0" timestamp="2021-04-21T18:35:30 ICT" skipped="0">
  <testcase classname="poro.module.CalendarManagerTest" name="addTimesTest" time="0.002"/>
  <system-out/>
  <testcase classname="poro.module.CalendarManagerTest" name="getStringTest" time="0.003"/>
  <system-out/>
  <testcase classname="poro.module.CalendarManagerTest" name="isLeapYearTest" time="0.002"/>
  <system-out/>
  <testcase classname="poro.module.CalendarManagerTest" name="getDaysOfTest" time="0.004"/>
  <system-out/>
  <testcase classname="poro.module.CalendarManagerTest" name="getNowTest" time="0.006"/>
  <system-out/>
  <testcase classname="poro.module.CalendarManagerTest" name="getDateByStringTest" time="0.029"/>
  <system-out/>
</testsuite> <!-- poro.module.CalendarManagerTest -->
