<?xml version="1.0" encoding="UTF-8"?>
<!-- Generated by org.testng.reporters.JUnitReportReporter -->
<testsuite hostname="Neko" failures="0" tests="7" name="poro.module.db.data.TaiKhoanTest" time="0.098" errors="0" timestamp="2021-04-21T18:35:30 ICT" skipped="0">
  <testcase classname="poro.module.db.data.TaiKhoanTest" name="InsertTaiKhoan" time="0.010"/>
  <system-out/>
  <testcase classname="poro.module.db.data.TaiKhoanTest" name="selectUsernameEmailPassTest" time="0.008"/>
  <system-out/>
  <testcase classname="poro.module.db.data.TaiKhoanTest" name="selectEmailTest" time="0.005"/>
  <system-out/>
  <testcase classname="poro.module.db.data.TaiKhoanTest" name="selectAllTest" time="0.006"/>
  <system-out/>
  <testcase classname="poro.module.db.data.TaiKhoanTest" name="selectUsernameTest" time="0.017"/>
  <system-out/>
  <testcase classname="poro.module.db.data.TaiKhoanTest" name="UpdateTaiKhoan" time="0.018"/>
  <system-out/>
  <testcase classname="poro.module.db.data.TaiKhoanTest" name="DeleteTaiKhoan" time="0.034"/>
  <system-out/>
</testsuite> <!-- poro.module.db.data.TaiKhoanTest -->
