<?xml version="1.0" encoding="UTF-8"?>
<!-- Generated by org.testng.reporters.JUnitReportReporter -->
<testsuite hostname="Neko" failures="0" tests="2" name="poro.gui.DangNhapJDialogTest" time="10.322" errors="0" timestamp="2021-04-20T05:41:01 ICT" skipped="0">
  <testcase classname="poro.gui.DangNhapJDialogTest" name="loginFail1" time="6.468"/>
  <system-out/>
  <testcase classname="poro.gui.DangNhapJDialogTest" name="loginOk" time="3.854"/>
  <system-out/>
</testsuite> <!-- poro.gui.DangNhapJDialogTest -->
