<?xml version="1.0" encoding="UTF-8"?>
<!-- Generated by org.testng.reporters.JUnitReportReporter -->
<testsuite hostname="Neko" failures="0" tests="2" name="poro.gui.TraPhongJDialogTest" time="7.277" errors="0" timestamp="2021-04-28T16:04:47 ICT" skipped="0">
  <testcase classname="poro.gui.TraPhongJDialogTest" name="showListTest" time="2.127"/>
  <system-out/>
  <testcase classname="poro.gui.TraPhongJDialogTest" name="traPhongTest" time="5.150"/>
  <system-out/>
</testsuite> <!-- poro.gui.TraPhongJDialogTest -->
