<?xml version="1.0" encoding="UTF-8"?>
<!-- Generated by org.testng.reporters.JUnitReportReporter -->
<testsuite hostname="Neko" failures="0" tests="5" name="poro.gui.QuanLyTaiKhoanJPanelTest" time="30.739" errors="0" timestamp="2021-04-28T14:25:16 ICT" skipped="0">
  <testcase classname="poro.gui.QuanLyTaiKhoanJPanelTest" name="dangKyTaiKhoan" time="6.592"/>
  <system-out/>
  <testcase classname="poro.gui.QuanLyTaiKhoanJPanelTest" name="dangKyTaiKhoan" time="6.233"/>
  <system-out/>
  <testcase classname="poro.gui.QuanLyTaiKhoanJPanelTest" name="dangKyTaiKhoan" time="6.669"/>
  <system-out/>
  <testcase classname="poro.gui.QuanLyTaiKhoanJPanelTest" name="dangKyTaiKhoan" time="6.542"/>
  <system-out/>
  <testcase classname="poro.gui.QuanLyTaiKhoanJPanelTest" name="dangKyTaiKhoan" time="4.703"/>
  <system-out/>
</testsuite> <!-- poro.gui.QuanLyTaiKhoanJPanelTest -->
