<?xml version="1.0" encoding="UTF-8"?>
<!-- Generated by org.testng.reporters.JUnitReportReporter -->
<testsuite hostname="DESKTOP-C2QK7TO" failures="0" tests="1" name="poro.MainClassTest" time="0.005" errors="0" timestamp="2021-04-28T22:29:41 ICT" skipped="0">
  <testcase classname="poro.MainClassTest" name="f" time="0.005"/>
  <system-out/>
</testsuite> <!-- poro.MainClassTest -->
