<?xml version="1.0" encoding="UTF-8"?>
<!-- Generated by org.testng.reporters.JUnitReportReporter -->
<testsuite hostname="Neko" failures="0" tests="12" name="poro.gui.MuonPhongJDialogTest" time="95.542" errors="0" timestamp="2021-04-28T00:12:45 ICT" skipped="0">
  <testcase classname="poro.gui.MuonPhongJDialogTest" name="errorFromTest" time="5.233"/>
  <system-out/>
  <testcase classname="poro.gui.MuonPhongJDialogTest" name="errorFromTest" time="6.502"/>
  <system-out/>
  <testcase classname="poro.gui.MuonPhongJDialogTest" name="errorFromTest" time="5.991"/>
  <system-out/>
  <testcase classname="poro.gui.MuonPhongJDialogTest" name="errorFromTest" time="6.535"/>
  <system-out/>
  <testcase classname="poro.gui.MuonPhongJDialogTest" name="muon201Test" time="6.458"/>
  <system-out/>
  <testcase classname="poro.gui.MuonPhongJDialogTest" name="xacNhanMuonTest" time="12.838"/>
  <system-out/>
  <testcase classname="poro.gui.MuonPhongJDialogTest" name="errorFromTest" time="6.001"/>
  <system-out/>
  <testcase classname="poro.gui.MuonPhongJDialogTest" name="errorFromSvTest" time="7.778"/>
  <system-out/>
  <testcase classname="poro.gui.MuonPhongJDialogTest" name="errorFromSvTest" time="8.390"/>
  <system-out/>
  <testcase classname="poro.gui.MuonPhongJDialogTest" name="errorFromSvTest" time="8.726"/>
  <system-out/>
  <testcase classname="poro.gui.MuonPhongJDialogTest" name="errorFromSvTest" time="9.146"/>
  <system-out/>
  <testcase classname="poro.gui.MuonPhongJDialogTest" name="muonOkSvTest" time="11.944"/>
  <system-out/>
</testsuite> <!-- poro.gui.MuonPhongJDialogTest -->
