<?xml version="1.0" encoding="UTF-8"?>
<!-- Generated by org.testng.reporters.JUnitReportReporter -->
<testsuite hostname="Neko" failures="0" tests="4" name="poro.module.EncrypterTest" time="0.024" errors="0" timestamp="2021-04-28T15:42:05 ICT" skipped="0">
  <testcase classname="poro.module.EncrypterTest" name="toMD5Testbyte2" time="0.003"/>
  <system-out/>
  <testcase classname="poro.module.EncrypterTest" name="toMD5Testbyte1" time="0.002"/>
  <system-out/>
  <testcase classname="poro.module.EncrypterTest" name="toMD5TestString2" time="0.002"/>
  <system-out/>
  <testcase classname="poro.module.EncrypterTest" name="toMD5TestString1" time="0.017"/>
  <system-out/>
</testsuite> <!-- poro.module.EncrypterTest -->
