<?xml version="1.0" encoding="UTF-8"?>
<!-- Generated by org.testng.reporters.JUnitReportReporter -->
<testsuite hostname="LAPTOP-FI2LLS25" failures="0" tests="9" name="poro.gui.NMXemPhongJPanelTest" time="32.163" errors="0" timestamp="2021-04-26T23:06:48 ICT" skipped="0">
  <testcase classname="poro.gui.NMXemPhongJPanelTest" name="skipPhong102" time="4.086"/>
  <system-out/>
  <testcase classname="poro.gui.NMXemPhongJPanelTest" name="messageErrorTimPhongTest" time="3.040"/>
  <system-out/>
  <testcase classname="poro.gui.NMXemPhongJPanelTest" name="skipPhong102" time="4.102"/>
  <system-out/>
  <testcase classname="poro.gui.NMXemPhongJPanelTest" name="messageErrorTimPhongTest" time="3.875"/>
  <system-out/>
  <testcase classname="poro.gui.NMXemPhongJPanelTest" name="skipPhong102" time="4.061"/>
  <system-out/>
  <testcase classname="poro.gui.NMXemPhongJPanelTest" name="messageErrorTimPhongTest" time="3.861"/>
  <system-out/>
  <testcase classname="poro.gui.NMXemPhongJPanelTest" name="messageErrorTimPhongTest" time="3.358"/>
  <system-out/>
  <testcase classname="poro.gui.NMXemPhongJPanelTest" name="showTimPhongDefTest" time="2.936"/>
  <system-out/>
  <testcase classname="poro.gui.NMXemPhongJPanelTest" name="valueTimPhongDefTest" time="2.844"/>
  <system-out/>
</testsuite> <!-- poro.gui.NMXemPhongJPanelTest -->
