<?xml version="1.0" encoding="UTF-8"?>
<!-- Generated by org.testng.reporters.JUnitReportReporter -->
<testsuite hostname="Neko" failures="0" tests="2" name="poro.module.StringHelperTest" time="0.022" errors="0" timestamp="2021-04-21T13:25:52 ICT" skipped="0">
  <testcase classname="poro.module.StringHelperTest" name="randomTest1" time="0.019"/>
  <system-out/>
  <testcase classname="poro.module.StringHelperTest" name="randomTest2" time="0.003"/>
  <system-out/>
</testsuite> <!-- poro.module.StringHelperTest -->
