<?xml version="1.0" encoding="UTF-8"?>
<!-- Generated by org.testng.reporters.JUnitReportReporter -->
<testsuite hostname="Neko" failures="0" tests="1" name="poro.gui.DangNhapJDialogTest" time="8.641" errors="0" timestamp="2021-04-19T23:50:12 ICT" skipped="0">
  <testcase classname="poro.gui.DangNhapJDialogTest" name="dn" time="8.641"/>
  <system-out/>
</testsuite> <!-- poro.gui.DangNhapJDialogTest -->
