<?xml version="1.0" encoding="UTF-8"?>
<!-- Generated by org.testng.reporters.JUnitReportReporter -->
<testsuite hostname="Neko" failures="0" tests="2" name="poro.gui.TraPhongJDialogTest" time="7.317" errors="0" timestamp="2021-04-28T03:02:16 ICT" skipped="0">
  <testcase classname="poro.gui.TraPhongJDialogTest" name="showListTest" time="2.080"/>
  <system-out/>
  <testcase classname="poro.gui.TraPhongJDialogTest" name="traPhongTest" time="5.237"/>
  <system-out/>
</testsuite> <!-- poro.gui.TraPhongJDialogTest -->
