<?xml version="1.0" encoding="UTF-8"?>
<!-- Generated by org.testng.reporters.JUnitReportReporter -->
<testsuite hostname="Neko" failures="0" tests="4" name="poro.module.db.data.PhongTest" time="0.075" errors="0" timestamp="2021-04-25T01:00:56 ICT" skipped="0">
  <testcase classname="poro.module.db.data.PhongTest" name="InsertPhong" time="0.013"/>
  <system-out/>
  <testcase classname="poro.module.db.data.PhongTest" name="UpdatePhong" time="0.007"/>
  <system-out/>
  <testcase classname="poro.module.db.data.PhongTest" name="SelectByIdPhong" time="0.007"/>
  <system-out/>
  <testcase classname="poro.module.db.data.PhongTest" name="SelectAllphong" time="0.048"/>
  <system-out/>
</testsuite> <!-- poro.module.db.data.PhongTest -->
