<?xml version="1.0" encoding="UTF-8"?>
<!-- Generated by org.testng.reporters.JUnitReportReporter -->
<testsuite hostname="Neko" failures="0" tests="1" name="poro.module.CalendarManagerTest" time="0.099" errors="0" timestamp="2021-04-21T18:47:02 ICT" skipped="0">
  <testcase classname="poro.module.CalendarManagerTest" name="getDateByStringTest" time="0.099"/>
  <system-out/>
</testsuite> <!-- poro.module.CalendarManagerTest -->
