<?xml version="1.0" encoding="UTF-8"?>
<!-- Generated by org.testng.reporters.JUnitReportReporter -->
<testsuite hostname="Neko" failures="0" tests="9" name="poro.gui.NMXemPhongJPanelTest" time="34.188" errors="0" timestamp="2021-04-28T16:04:47 ICT" skipped="0">
  <testcase classname="poro.gui.NMXemPhongJPanelTest" name="messageErrorTimPhongTest" time="3.460"/>
  <system-out/>
  <testcase classname="poro.gui.NMXemPhongJPanelTest" name="skipPhong102" time="4.253"/>
  <system-out/>
  <testcase classname="poro.gui.NMXemPhongJPanelTest" name="skipPhong102" time="4.254"/>
  <system-out/>
  <testcase classname="poro.gui.NMXemPhongJPanelTest" name="messageErrorTimPhongTest" time="4.533"/>
  <system-out/>
  <testcase classname="poro.gui.NMXemPhongJPanelTest" name="messageErrorTimPhongTest" time="3.188"/>
  <system-out/>
  <testcase classname="poro.gui.NMXemPhongJPanelTest" name="skipPhong102" time="4.436"/>
  <system-out/>
  <testcase classname="poro.gui.NMXemPhongJPanelTest" name="showTimPhongDefTest" time="3.022"/>
  <system-out/>
  <testcase classname="poro.gui.NMXemPhongJPanelTest" name="valueTimPhongDefTest" time="3.024"/>
  <system-out/>
  <testcase classname="poro.gui.NMXemPhongJPanelTest" name="messageErrorTimPhongTest" time="4.018"/>
  <system-out/>
</testsuite> <!-- poro.gui.NMXemPhongJPanelTest -->
