<?xml version="1.0" encoding="UTF-8"?>
<!-- Generated by org.testng.reporters.JUnitReportReporter -->
<testsuite hostname="Neko" failures="0" tests="7" name="poro.module.db.data.TaiKhoanTest" time="0.067" errors="0" timestamp="2021-04-21T19:23:56 ICT" skipped="0">
  <testcase classname="poro.module.db.data.TaiKhoanTest" name="InsertTaiKhoan" time="0.005"/>
  <system-out/>
  <testcase classname="poro.module.db.data.TaiKhoanTest" name="selectUsernameTest" time="0.010"/>
  <system-out/>
  <testcase classname="poro.module.db.data.TaiKhoanTest" name="selectAllTest" time="0.010"/>
  <system-out/>
  <testcase classname="poro.module.db.data.TaiKhoanTest" name="selectEmailTest" time="0.007"/>
  <system-out/>
  <testcase classname="poro.module.db.data.TaiKhoanTest" name="selectUsernameEmailPassTest" time="0.010"/>
  <system-out/>
  <testcase classname="poro.module.db.data.TaiKhoanTest" name="UpdateTaiKhoan" time="0.011"/>
  <system-out/>
  <testcase classname="poro.module.db.data.TaiKhoanTest" name="DeleteTaiKhoan" time="0.014"/>
  <system-out/>
</testsuite> <!-- poro.module.db.data.TaiKhoanTest -->
