<?xml version="1.0" encoding="UTF-8"?>
<!-- Generated by org.testng.reporters.JUnitReportReporter -->
<testsuite hostname="Neko" failures="0" tests="2" name="poro.module.SessionTest" time="0.018" errors="0" timestamp="2021-04-21T01:50:06 ICT" skipped="1">
  <testcase classname="poro.module.SessionTest" name="isLoginTest" time="0.018"/>
  <system-out/>
  <testcase classname="poro.module.SessionTest" name="exitTest">
    <skipped/>
  </testcase> <!-- exitTest -->
  <system-out/>
</testsuite> <!-- poro.module.SessionTest -->
