<?xml version="1.0" encoding="UTF-8"?>
<!-- Generated by org.testng.reporters.JUnitReportReporter -->
<testsuite hostname="DESKTOP-9K20K49" failures="0" tests="5" name="poro.gui.QuanLyTaiKhoanJPanelTest" time="30.158" errors="0" timestamp="2021-04-28T18:33:28 ICT" skipped="0">
  <testcase classname="poro.gui.QuanLyTaiKhoanJPanelTest" name="dangKyTaiKhoan" time="6.884"/>
  <system-out/>
  <testcase classname="poro.gui.QuanLyTaiKhoanJPanelTest" name="dangKyTaiKhoan" time="6.284"/>
  <system-out/>
  <testcase classname="poro.gui.QuanLyTaiKhoanJPanelTest" name="dangKyTaiKhoan" time="6.502"/>
  <system-out/>
  <testcase classname="poro.gui.QuanLyTaiKhoanJPanelTest" name="dangKyTaiKhoan" time="4.501"/>
  <system-out/>
  <testcase classname="poro.gui.QuanLyTaiKhoanJPanelTest" name="dangKyTaiKhoan" time="5.987"/>
  <system-out/>
</testsuite> <!-- poro.gui.QuanLyTaiKhoanJPanelTest -->
