<?xml version="1.0" encoding="UTF-8"?>
<!-- Generated by org.testng.reporters.JUnitReportReporter -->
<testsuite hostname="Neko" failures="0" tests="4" name="poro.module.EncrypterTest" time="0.004" errors="0" timestamp="2021-04-21T19:23:56 ICT" skipped="0">
  <testcase classname="poro.module.EncrypterTest" name="toMD5TestString2" time="0.001"/>
  <system-out/>
  <testcase classname="poro.module.EncrypterTest" name="toMD5Testbyte2" time="0.001"/>
  <system-out/>
  <testcase classname="poro.module.EncrypterTest" name="toMD5TestString1" time="0.001"/>
  <system-out/>
  <testcase classname="poro.module.EncrypterTest" name="toMD5Testbyte1" time="0.001"/>
  <system-out/>
</testsuite> <!-- poro.module.EncrypterTest -->
