<?xml version="1.0" encoding="UTF-8"?>
<!-- Generated by org.testng.reporters.JUnitReportReporter -->
<testsuite hostname="Neko" failures="0" tests="3" name="test.YeuCau5" time="39.971" errors="0" timestamp="2021-04-25T14:09:28 ICT" skipped="0">
  <testcase classname="test.YeuCau5" name="launchBrowser" time="5.983"/>
  <system-out/>
  <testcase classname="test.YeuCau5" name="signIn" time="17.578"/>
  <system-out/>
  <testcase classname="test.YeuCau5" name="fillSignIn" time="16.410"/>
  <system-out/>
</testsuite> <!-- test.YeuCau5 -->
