<?xml version="1.0" encoding="UTF-8"?>
<!-- Generated by org.testng.reporters.JUnitReportReporter -->
<testsuite hostname="Neko" failures="0" tests="1" name="poro.module.EncrypterTest" time="0.023" errors="0" timestamp="2021-04-21T13:17:41 ICT" skipped="0">
  <testcase classname="poro.module.EncrypterTest" name="toMD5Testbyte2" time="0.023"/>
  <system-out/>
</testsuite> <!-- poro.module.EncrypterTest -->
